<?xml version="1.0" encoding="UTF-8"?>
<!-- Generated by org.testng.reporters.JUnitReportReporter -->
<testsuite hostname="LAPTOP-QAEBA5FP" failures="0" tests="4" name="HttpMethods" time="4.607" errors="0" timestamp="2023-08-06T17:39:03 IST" skipped="0">
  <testcase classname="HttpMethods" name="createUser" time="2.943"/>
  <system-out/>
  <testcase classname="HttpMethods" name="getUsers" time="0.434"/>
  <system-out/>
  <testcase classname="HttpMethods" name="updateRequest" time="0.512"/>
  <system-out/>
  <testcase classname="HttpMethods" name="deleteRequest" time="0.718"/>
  <system-out/>
</testsuite> <!-- HttpMethods -->
