<?xml version="1.0" encoding="UTF-8"?>
<!-- Generated by org.testng.reporters.JUnitReportReporter -->
<testsuite hostname="LAPTOP-QAEBA5FP" failures="0" tests="1" name="FirstSeleniumCourse.FirstSeleniumCourse.GenericTestCases" time="3.386" errors="0" timestamp="2024-01-30T22:11:31 IST" skipped="0">
  <testcase classname="FirstSeleniumCourse.FirstSeleniumCourse.GenericTestCases" name="handlingWebTables" time="3.386"/>
  <system-out/>
</testsuite> <!-- FirstSeleniumCourse.FirstSeleniumCourse.GenericTestCases -->
