<?xml version="1.0" encoding="UTF-8"?>
<!-- Generated by org.testng.reporters.JUnitReportReporter -->
<testsuite hostname="LAPTOP-QAEBA5FP" failures="0" tests="1" name="FirstSeleniumCourse.FirstSeleniumCourse.DemoClass" time="46.194" errors="0" timestamp="2023-06-26T15:14:55 IST" skipped="0">
  <testcase classname="FirstSeleniumCourse.FirstSeleniumCourse.DemoClass" name="demoExp" time="46.194"/>
  <system-out/>
</testsuite> <!-- FirstSeleniumCourse.FirstSeleniumCourse.DemoClass -->
