<?xml version="1.0" encoding="UTF-8"?>
<!-- Generated by org.testng.reporters.JUnitReportReporter -->
<testsuite hostname="LAPTOP-QAEBA5FP" failures="0" tests="5" name="FirstSeleniumCourse.FirstSeleniumCourse.ActionsMethods" time="13.383" errors="0" timestamp="2023-06-28T22:44:31 IST" skipped="4">
  <testcase classname="FirstSeleniumCourse.FirstSeleniumCourse.ActionsMethods" name="KeyboardsBasedInteractions" time="13.383"/>
  <system-out/>
  <testcase classname="FirstSeleniumCourse.FirstSeleniumCourse.ActionsMethods" name="MoveToElementAndClickMethod">
    <skipped/>
  </testcase> <!-- MoveToElementAndClickMethod -->
  <system-out/>
  <testcase classname="FirstSeleniumCourse.FirstSeleniumCourse.ActionsMethods" name="dragAndDropActions">
    <skipped/>
  </testcase> <!-- dragAndDropActions -->
  <system-out/>
  <testcase classname="FirstSeleniumCourse.FirstSeleniumCourse.ActionsMethods" name="clickAndHoldAndReleaseMethod">
    <skipped/>
  </testcase> <!-- clickAndHoldAndReleaseMethod -->
  <system-out/>
  <testcase classname="FirstSeleniumCourse.FirstSeleniumCourse.ActionsMethods" name="doubleAndRightClick">
    <skipped/>
  </testcase> <!-- doubleAndRightClick -->
  <system-out/>
</testsuite> <!-- FirstSeleniumCourse.FirstSeleniumCourse.ActionsMethods -->
