<?xml version="1.0" encoding="UTF-8"?>
<!-- Generated by org.testng.reporters.JUnitReportReporter -->
<testsuite hostname="LAPTOP-QAEBA5FP" failures="0" tests="1" name="FirstSeleniumCourse.FirstSeleniumCourse.GenericTestCases" time="14.349" errors="0" timestamp="2024-01-24T11:01:09 IST" skipped="0">
  <testcase classname="FirstSeleniumCourse.FirstSeleniumCourse.GenericTestCases" name="brokenLinksAndImagesHandling" time="14.349"/>
  <system-out/>
</testsuite> <!-- FirstSeleniumCourse.FirstSeleniumCourse.GenericTestCases -->
