<?xml version="1.0" encoding="UTF-8"?>
<!-- Generated by org.testng.reporters.JUnitReportReporter -->
<testsuite hostname="LAPTOP-QAEBA5FP" failures="0" tests="1" name="NewTest" time="0.075" errors="0" timestamp="2022-09-24T21:30:19 IST" skipped="0">
  <testcase classname="NewTest" name="verifyWebelementFunctions" time="0.075"/>
  <system-out/>
</testsuite> <!-- NewTest -->
