<?xml version="1.0" encoding="UTF-8"?>
<!-- Generated by org.testng.reporters.JUnitReportReporter -->
<testsuite hostname="LAPTOP-QAEBA5FP" failures="0" tests="1" name="NewTest" time="8.966" errors="0" timestamp="2022-09-22T10:23:45 IST" skipped="0">
  <testcase classname="NewTest" name="keyin_Credentials" time="8.966"/>
  <system-out/>
</testsuite> <!-- NewTest -->
