<?xml version="1.0" encoding="UTF-8"?>
<!-- Generated by org.testng.reporters.JUnitReportReporter -->
<testsuite hostname="LAPTOP-QAEBA5FP" failures="0" tests="1" name="NewTest" time="15.500" errors="0" timestamp="2022-09-27T21:38:28 IST" skipped="0">
  <testcase classname="NewTest" name="windowsHandling" time="15.500"/>
  <system-out/>
</testsuite> <!-- NewTest -->
