<?xml version="1.0" encoding="UTF-8"?>
<!-- Generated by org.testng.reporters.JUnitReportReporter -->
<testsuite hostname="LAPTOP-QAEBA5FP" failures="0" tests="1" name="com.qa.ActionsSelenium.ActionsTestClass" time="38.223" errors="0" timestamp="2022-11-26T20:49:32 IST" skipped="0">
  <testcase classname="com.qa.ActionsSelenium.ActionsTestClass" name="drragablemethodTest" time="38.223"/>
  <system-out/>
</testsuite> <!-- com.qa.ActionsSelenium.ActionsTestClass -->
